<?xml version="1.0" encoding="UTF-8"?>
<!-- Generated by org.testng.reporters.JUnitReportReporter -->
<testsuite hostname="DESKTOP-DDU087D" failures="0" tests="1" name="testcases.DarazHomepageTest" time="65.063" errors="0" timestamp="2023-03-22T13:51:46 BDT" skipped="0">
  <testcase classname="testcases.DarazHomepageTest" name="scrollTestOnHomepage" time="65.063"/>
  <system-out/>
</testsuite> <!-- testcases.DarazHomepageTest -->
