<?xml version="1.0" encoding="UTF-8"?>
<!-- Generated by org.testng.reporters.JUnitReportReporter -->
<testsuite hostname="DESKTOP-DDU087D" failures="0" tests="4" name="testcases.DarazLoginPagaeTest" time="115.847" errors="0" timestamp="2023-03-21T01:13:12 BDT" skipped="0">
  <testcase classname="testcases.DarazLoginPagaeTest" name="testDarazLoginPagewithInvalidData" time="28.181"/>
  <system-out/>
  <testcase classname="testcases.DarazLoginPagaeTest" name="testDarazLoginPagewithInvalidData" time="33.410"/>
  <system-out/>
  <testcase classname="testcases.DarazLoginPagaeTest" name="testDarazLoginPagewithInvalidData" time="27.426"/>
  <system-out/>
  <testcase classname="testcases.DarazLoginPagaeTest" name="testDarazLoginPagewithInvalidData" time="26.830"/>
  <system-out/>
</testsuite> <!-- testcases.DarazLoginPagaeTest -->
