<?xml version="1.0" encoding="UTF-8"?>
<!-- Generated by org.testng.reporters.JUnitReportReporter -->
<testsuite hostname="DESKTOP-DDU087D" failures="0" tests="1" name="testcases.DarazHelpCenterTest" time="20.383" errors="0" timestamp="2023-03-21T00:36:38 BDT" skipped="0">
  <testcase classname="testcases.DarazHelpCenterTest" name="TestHelpCenterPageTitle" time="20.383"/>
  <system-out/>
</testsuite> <!-- testcases.DarazHelpCenterTest -->
