<?xml version="1.0" encoding="UTF-8"?>
<!-- Generated by org.testng.reporters.JUnitReportReporter -->
<testsuite hostname="DESKTOP-DDU087D" failures="0" tests="1" name="testcases.DarazLoginPagaeTest" time="105.484" errors="0" timestamp="2023-03-19T11:46:44 BDT" skipped="0">
  <testcase classname="testcases.DarazLoginPagaeTest" name="testDarazLoginPagewithInvalidData" time="105.484"/>
  <system-out/>
</testsuite> <!-- testcases.DarazLoginPagaeTest -->
