<?xml version="1.0" encoding="UTF-8"?>
<!-- Generated by org.testng.reporters.JUnitReportReporter -->
<testsuite hostname="DESKTOP-DDU087D" failures="0" tests="1" name="testcases.DarazHelpCenterTest" time="17.446" errors="0" timestamp="2023-03-19T11:57:10 BDT" skipped="0">
  <testcase classname="testcases.DarazHelpCenterTest" name="TestHelpCenterPageTitle" time="17.446"/>
  <system-out/>
</testsuite> <!-- testcases.DarazHelpCenterTest -->
